Connected to [64:ff9b::29ca:dc32]:443
SSL negotiation with vpn.orange.cm
Connected to HTTPS on vpn.orange.cm with ciphersuite (TLS1.2)-(DHE-CUSTOM1024)-(RSA-SHA512)-(AES-256-CBC)-(SHA256)
XML POST enabled
Please enter your username and password.
POST https://vpn.orange.cm/
Got CONNECT response: HTTP/1.1 200 OK
CSTP connected. DPD 30, Keepalive 20
Established DTLS connection (using GnuTLS). Ciphersuite (DTLS1.2)-(DHE-CUSTOM)-(AES-256-CBC)-(SHA1).
Configured as 172.21.19.20, with SSL connected and DTLS connected
Session authentication will expire at Sat Oct  5 19:19:46 2024

fe80::e092:5cff:fe4e:6864%en0%en0
fe80::%utun0%utun0
fe80::%utun1%utun1
fe80::%utun2%utun2
fe80::%utun3%utun3
fe80::%utun4%utun4: nodename nor servname provided, or not known
add net 172.21.19.0: gateway 172.21.19.20
add net 172.30.100.49: gateway 172.21.19.20
add net 172.30.100.51: gateway 172.21.19.20
add net 172.30.100.50: gateway 172.21.19.20
add net 172.21.71.133: gateway 172.21.19.20
add net 172.21.91.133: gateway 172.21.19.20
add net 172.21.71.0: gateway 172.21.19.20
add net 172.21.91.0: gateway 172.21.19.20

saxen@MBP:~$ ifconfig
lo0: flags=8049<UP,LOOPBACK,RUNNING,MULTICAST> mtu 16384
	options=1203<RXCSUM,TXCSUM,TXSTATUS,SW_TIMESTAMP>
	inet 127.0.0.1 netmask 0xff000000
	inet6 ::1 prefixlen 128
	inet6 fe80::1%lo0 prefixlen 64 scopeid 0x1
	nd6 options=201<PERFORMNUD,DAD>
gif0: flags=8010<POINTOPOINT,MULTICAST> mtu 1280
stf0: flags=0<> mtu 1280
en0: flags=88e3<UP,BROADCAST,SMART,RUNNING,NOARP,SIMPLEX,MULTICAST> mtu 1500
	options=400<CHANNEL_IO>
	ether dc:a9:04:83:34:eb
	inet6 fe80::1cb5:bc38:54c2:ce5b%en0 prefixlen 64 secured scopeid 0x5
	inet6 2a04:cec0:106e:8595:480:74f:d6bf:44c5 prefixlen 64 autoconf secured
	inet6 2a04:cec0:106e:8595:b46b:75e1:13f7:1ae2 prefixlen 64 autoconf temporary
	inet 192.0.0.2 netmask 0xffffffff broadcast 192.0.0.2
	inet6 2a04:cec0:106e:8595:1ce5:613e:ed56:20b8 prefixlen 64 clat46
	nat64 prefix 64:ff9b:: prefixlen 96
	nd6 options=201<PERFORMNUD,DAD>
	media: autoselect
	status: active
awdl0: flags=8843<UP,BROADCAST,RUNNING,SIMPLEX,MULTICAST> mtu 1484
	options=400<CHANNEL_IO>
	ether 12:a0:2a:e7:77:3b
	inet6 fe80::10a0:2aff:fee7:773b%awdl0 prefixlen 64 scopeid 0x6
	nd6 options=201<PERFORMNUD,DAD>
	media: autoselect
	status: active
en3: flags=8963<UP,BROADCAST,SMART,RUNNING,PROMISC,SIMPLEX,MULTICAST> mtu 1500
	options=460<TSO4,TSO6,CHANNEL_IO>
	ether 82:c8:5b:a4:a0:05
	media: autoselect <full-duplex>
	status: inactive
en2: flags=8963<UP,BROADCAST,SMART,RUNNING,PROMISC,SIMPLEX,MULTICAST> mtu 1500
	options=460<TSO4,TSO6,CHANNEL_IO>
	ether 82:c8:5b:a4:a0:00
	media: autoselect <full-duplex>
	status: inactive
llw0: flags=8863<UP,BROADCAST,SMART,RUNNING,SIMPLEX,MULTICAST> mtu 1500
	options=400<CHANNEL_IO>
	ether 12:a0:2a:e7:77:3b
	inet6 fe80::10a0:2aff:fee7:773b%llw0 prefixlen 64 scopeid 0x9
	nd6 options=201<PERFORMNUD,DAD>
	media: autoselect
	status: active
en4: flags=8963<UP,BROADCAST,SMART,RUNNING,PROMISC,SIMPLEX,MULTICAST> mtu 1500
	options=460<TSO4,TSO6,CHANNEL_IO>
	ether 82:c8:5b:a4:a0:04
	media: autoselect <full-duplex>
	status: inactive
en1: flags=8963<UP,BROADCAST,SMART,RUNNING,PROMISC,SIMPLEX,MULTICAST> mtu 1500
	options=460<TSO4,TSO6,CHANNEL_IO>
	ether 82:c8:5b:a4:a0:01
	media: autoselect <full-duplex>
	status: inactive
bridge0: flags=8863<UP,BROADCAST,SMART,RUNNING,SIMPLEX,MULTICAST> mtu 1500
	options=63<RXCSUM,TXCSUM,TSO4,TSO6>
	ether 82:c8:5b:a4:a0:01
	Configuration:
		id 0:0:0:0:0:0 priority 0 hellotime 0 fwddelay 0
		maxage 0 holdcnt 0 proto stp maxaddr 100 timeout 1200
		root id 0:0:0:0:0:0 priority 0 ifcost 0 port 0
		ipfilter disabled flags 0x0
	member: en1 flags=3<LEARNING,DISCOVER>
	        ifmaxaddr 0 port 11 priority 0 path cost 0
	member: en2 flags=3<LEARNING,DISCOVER>
	        ifmaxaddr 0 port 8 priority 0 path cost 0
	member: en3 flags=3<LEARNING,DISCOVER>
	        ifmaxaddr 0 port 7 priority 0 path cost 0
	member: en4 flags=3<LEARNING,DISCOVER>
	        ifmaxaddr 0 port 10 priority 0 path cost 0
	nd6 options=201<PERFORMNUD,DAD>
	media: <unknown type>
	status: inactive
utun0: flags=8051<UP,POINTOPOINT,RUNNING,MULTICAST> mtu 1380
	inet6 fe80::abd6:3bb9:3a3:43b6%utun0 prefixlen 64 scopeid 0xd
	nd6 options=201<PERFORMNUD,DAD>
utun1: flags=8051<UP,POINTOPOINT,RUNNING,MULTICAST> mtu 2000
	inet6 fe80::d604:555f:1bdd:c3d%utun1 prefixlen 64 scopeid 0xe
	nd6 options=201<PERFORMNUD,DAD>
utun2: flags=8051<UP,POINTOPOINT,RUNNING,MULTICAST> mtu 1000
	inet6 fe80::ce81:b1c:bd2c:69e%utun2 prefixlen 64 scopeid 0xf
	nd6 options=201<PERFORMNUD,DAD>
utun3: flags=8051<UP,POINTOPOINT,RUNNING,MULTICAST> mtu 1380
	inet6 fe80::55d:c1c9:da3f:2b4e%utun3 prefixlen 64 scopeid 0x10
	nd6 options=201<PERFORMNUD,DAD>
utun4: flags=8051<UP,POINTOPOINT,RUNNING,MULTICAST> mtu 1380
	inet6 fe80::e5d7:a96a:b190:43b8%utun4 prefixlen 64 scopeid 0x11
	nd6 options=201<PERFORMNUD,DAD>
en6: flags=8863<UP,BROADCAST,SMART,RUNNING,SIMPLEX,MULTICAST> mtu 1500
	ether ac:de:48:00:11:22
	inet6 fe80::aede:48ff:fe00:1122%en6 prefixlen 64 scopeid 0x4
	nd6 options=201<PERFORMNUD,DAD>
	media: autoselect
	status: active
utun5: flags=8051<UP,POINTOPOINT,RUNNING,MULTICAST> mtu 1322
	inet 172.21.19.20 --> 172.21.19.20 netmask 0xffffffff